<?xml version="1.0" encoding="UTF-8"?>
<!-- Generated by org.testng.reporters.JUnitReportReporter -->
<testsuite name="unbxdTests.testNg.ui.pim.Partner_Tests" tests="8" time="17.498" ignored="3" failures="0" timestamp="29 Jun 2020 07:31:05 GMT" skipped="0" hostname="HUNTER" errors="0">
  <testcase name="verifyPartnerCreation" time="2.174" classname="unbxdTests.testNg.ui.pim.Partner_Tests"/>
  <testcase name="verifyPartnerSFTPCreation" time="7.694" classname="unbxdTests.testNg.ui.pim.Partner_Tests"/>
  <testcase name="verifyPartnerEmail" time="1.023" classname="unbxdTests.testNg.ui.pim.Partner_Tests"/>
  <testcase name="verifyPartnerName" time="1.644" classname="unbxdTests.testNg.ui.pim.Partner_Tests"/>
  <testcase name="verifyPartnerEmailIsDisabled" time="0.970" classname="unbxdTests.testNg.ui.pim.Partner_Tests"/>
  <testcase name="verifyPartnerUpdate" time="2.807" classname="unbxdTests.testNg.ui.pim.Partner_Tests"/>
  <testcase name="verifyPartnerDetailsInListingPage" time="0.760" classname="unbxdTests.testNg.ui.pim.Partner_Tests"/>
  <testcase name="openPartnerPage" time="0.426" classname="unbxdTests.testNg.ui.pim.Partner_Tests"/>
  <testcase name="updateProduct" classname="unbxdTests.testNg.ui.pim.Product_Tests">
    <skipped/>
  </testcase> <!-- updateProduct -->
  <testcase name="verifyMemberNameUpdate" classname="unbxdTests.testNg.ui.pim.Member_Tests">
    <skipped/>
  </testcase> <!-- verifyMemberNameUpdate -->
  <testcase name="verifyThePropertyPermissions" classname="unbxdTests.testNg.ui.pim.Roles_Tests">
    <skipped/>
  </testcase> <!-- verifyThePropertyPermissions -->
</testsuite> <!-- unbxdTests.testNg.ui.pim.Partner_Tests -->
