<?xml version="1.0" encoding="UTF-8"?>
<!-- Generated by org.testng.reporters.JUnitReportReporter -->
<testsuite name="unbxdTests.testNg.ui.pim.ImportSFTP_Tests" tests="5" time="23.548" ignored="3" failures="0" timestamp="15 Jul 2020 08:32:21 GMT" skipped="0" hostname="HUNTER" errors="0">
  <testcase name="verifyImportSftpUpdate" time="7.640" classname="unbxdTests.testNg.ui.pim.ImportSFTP_Tests"/>
  <testcase name="verifyCreation" time="5.328" classname="unbxdTests.testNg.ui.pim.ImportSFTP_Tests"/>
  <testcase name="deleteSftp" time="3.053" classname="unbxdTests.testNg.ui.pim.ImportSFTP_Tests"/>
  <testcase name="openImportSftpPage" time="1.642" classname="unbxdTests.testNg.ui.pim.ImportSFTP_Tests"/>
  <testcase name="verifyImportSftpCreation" time="5.885" classname="unbxdTests.testNg.ui.pim.ImportSFTP_Tests"/>
  <testcase name="updateProduct" classname="unbxdTests.testNg.ui.pim.Product_Tests">
    <skipped/>
  </testcase> <!-- updateProduct -->
  <testcase name="verifyMemberNameUpdate" classname="unbxdTests.testNg.ui.pim.Member_Tests">
    <skipped/>
  </testcase> <!-- verifyMemberNameUpdate -->
  <testcase name="verifyThePropertyPermissions" classname="unbxdTests.testNg.ui.pim.Roles_Tests">
    <skipped/>
  </testcase> <!-- verifyThePropertyPermissions -->
</testsuite> <!-- unbxdTests.testNg.ui.pim.ImportSFTP_Tests -->
