<?xml version="1.0" encoding="UTF-8"?>
<!-- Generated by org.testng.reporters.JUnitReportReporter -->
<testsuite name="unbxdTests.testNg.ui.pim.OrganisationProfile_Tests" tests="6" time="18.422" ignored="3" failures="0" timestamp="15 Jul 2020 08:32:21 GMT" skipped="0" hostname="HUNTER" errors="0">
  <testcase name="verifyOrgName" time="0.103" classname="unbxdTests.testNg.ui.pim.OrganisationProfile_Tests"/>
  <testcase name="uploadOrgImage" time="15.105" classname="unbxdTests.testNg.ui.pim.OrganisationProfile_Tests"/>
  <testcase name="removePimLogo" time="0.237" classname="unbxdTests.testNg.ui.pim.OrganisationProfile_Tests"/>
  <testcase name="verifyOrganisationProfilePage" time="2.247" classname="unbxdTests.testNg.ui.pim.OrganisationProfile_Tests"/>
  <testcase name="verifyImageUrl" time="0.219" classname="unbxdTests.testNg.ui.pim.OrganisationProfile_Tests"/>
  <testcase name="addPimLogo" time="0.511" classname="unbxdTests.testNg.ui.pim.OrganisationProfile_Tests"/>
  <testcase name="updateProduct" classname="unbxdTests.testNg.ui.pim.Product_Tests">
    <skipped/>
  </testcase> <!-- updateProduct -->
  <testcase name="verifyMemberNameUpdate" classname="unbxdTests.testNg.ui.pim.Member_Tests">
    <skipped/>
  </testcase> <!-- verifyMemberNameUpdate -->
  <testcase name="verifyThePropertyPermissions" classname="unbxdTests.testNg.ui.pim.Roles_Tests">
    <skipped/>
  </testcase> <!-- verifyThePropertyPermissions -->
</testsuite> <!-- unbxdTests.testNg.ui.pim.OrganisationProfile_Tests -->
