<?xml version="1.0" encoding="UTF-8"?>
<!-- Generated by org.testng.reporters.JUnitReportReporter -->
<testsuite name="unbxdTests.testNg.ui.pim.ResetOrg_Tests" tests="1" time="7.973" ignored="3" failures="0" timestamp="15 Jul 2020 08:32:21 GMT" skipped="0" hostname="HUNTER" errors="0">
  <testcase name="resetOrganization" time="7.973" classname="unbxdTests.testNg.ui.pim.ResetOrg_Tests"/>
  <testcase name="updateProduct" classname="unbxdTests.testNg.ui.pim.Product_Tests">
    <skipped/>
  </testcase> <!-- updateProduct -->
  <testcase name="verifyMemberNameUpdate" classname="unbxdTests.testNg.ui.pim.Member_Tests">
    <skipped/>
  </testcase> <!-- verifyMemberNameUpdate -->
  <testcase name="verifyThePropertyPermissions" classname="unbxdTests.testNg.ui.pim.Roles_Tests">
    <skipped/>
  </testcase> <!-- verifyThePropertyPermissions -->
</testsuite> <!-- unbxdTests.testNg.ui.pim.ResetOrg_Tests -->
