<?xml version="1.0" encoding="UTF-8"?>
<!-- Generated by org.testng.reporters.JUnitReportReporter -->
<testsuite name="unbxdTests.testNg.ui.pim.UserProfile_Tests" tests="8" time="18.914" ignored="3" failures="0" timestamp="15 Jul 2020 08:32:21 GMT" skipped="0" hostname="HUNTER" errors="0">
  <testcase name="verifyEmailFieldIsDisabled" time="0.038" classname="unbxdTests.testNg.ui.pim.UserProfile_Tests"/>
  <testcase name="verifyEmailID" time="0.056" classname="unbxdTests.testNg.ui.pim.UserProfile_Tests"/>
  <testcase name="verifyImageUpload" time="10.301" classname="unbxdTests.testNg.ui.pim.UserProfile_Tests"/>
  <testcase name="verifyOrganisationProfilePage" time="3.666" classname="unbxdTests.testNg.ui.pim.UserProfile_Tests"/>
  <testcase name="verifyUserName" time="0.103" classname="unbxdTests.testNg.ui.pim.UserProfile_Tests"/>
  <testcase name="verifyNameUpdateInMenuPage" time="0.239" classname="unbxdTests.testNg.ui.pim.UserProfile_Tests"/>
  <testcase name="verifyProfileImageInMenuPage" time="0.168" classname="unbxdTests.testNg.ui.pim.UserProfile_Tests"/>
  <testcase name="verifyNameUpdate" time="4.343" classname="unbxdTests.testNg.ui.pim.UserProfile_Tests"/>
  <testcase name="updateProduct" classname="unbxdTests.testNg.ui.pim.Product_Tests">
    <skipped/>
  </testcase> <!-- updateProduct -->
  <testcase name="verifyMemberNameUpdate" classname="unbxdTests.testNg.ui.pim.Member_Tests">
    <skipped/>
  </testcase> <!-- verifyMemberNameUpdate -->
  <testcase name="verifyThePropertyPermissions" classname="unbxdTests.testNg.ui.pim.Roles_Tests">
    <skipped/>
  </testcase> <!-- verifyThePropertyPermissions -->
</testsuite> <!-- unbxdTests.testNg.ui.pim.UserProfile_Tests -->
