<?xml version="1.0" encoding="UTF-8"?>
<!-- Generated by org.testng.reporters.JUnitReportReporter -->
<testsuite name="unbxdTests.testNg.ui.pim.Partner_Tests" tests="8" time="14.902" ignored="3" failures="0" timestamp="15 Jul 2020 08:32:21 GMT" skipped="0" hostname="HUNTER" errors="0">
  <testcase name="verifyPartnerSFTPCreation" time="7.052" classname="unbxdTests.testNg.ui.pim.Partner_Tests"/>
  <testcase name="verifyPartnerEmailIsDisabled" time="0.861" classname="unbxdTests.testNg.ui.pim.Partner_Tests"/>
  <testcase name="verifyPartnerEmail" time="0.863" classname="unbxdTests.testNg.ui.pim.Partner_Tests"/>
  <testcase name="verifyPartnerDetailsInListingPage" time="0.543" classname="unbxdTests.testNg.ui.pim.Partner_Tests"/>
  <testcase name="verifyPartnerCreation" time="1.806" classname="unbxdTests.testNg.ui.pim.Partner_Tests"/>
  <testcase name="openPartnerPage" time="0.276" classname="unbxdTests.testNg.ui.pim.Partner_Tests"/>
  <testcase name="verifyPartnerUpdate" time="2.316" classname="unbxdTests.testNg.ui.pim.Partner_Tests"/>
  <testcase name="verifyPartnerName" time="1.185" classname="unbxdTests.testNg.ui.pim.Partner_Tests"/>
  <testcase name="updateProduct" classname="unbxdTests.testNg.ui.pim.Product_Tests">
    <skipped/>
  </testcase> <!-- updateProduct -->
  <testcase name="verifyMemberNameUpdate" classname="unbxdTests.testNg.ui.pim.Member_Tests">
    <skipped/>
  </testcase> <!-- verifyMemberNameUpdate -->
  <testcase name="verifyThePropertyPermissions" classname="unbxdTests.testNg.ui.pim.Roles_Tests">
    <skipped/>
  </testcase> <!-- verifyThePropertyPermissions -->
</testsuite> <!-- unbxdTests.testNg.ui.pim.Partner_Tests -->
