<?xml version="1.0" encoding="UTF-8"?>
<!-- Generated by org.testng.reporters.JUnitReportReporter -->
<testsuite name="unbxdTests.testNg.ui.pim.Member_Tests" tests="15" time="18.686" ignored="3" failures="0" timestamp="15 Jul 2020 08:32:21 GMT" skipped="0" hostname="HUNTER" errors="0">
  <testcase name="verifyTheLabelWhenNoRoleIsAssigned" time="0.323" classname="unbxdTests.testNg.ui.pim.Member_Tests"/>
  <testcase name="verifyDuplicateMemberCreation" time="1.712" classname="unbxdTests.testNg.ui.pim.Member_Tests"/>
  <testcase name="verifyTheRoleAssignmentToMember" time="1.582" classname="unbxdTests.testNg.ui.pim.Member_Tests"/>
  <testcase name="verifyMemberCreationWithoutRole" time="2.758" classname="unbxdTests.testNg.ui.pim.Member_Tests"/>
  <testcase name="verifyMemberCreationForInvalidEmail" time="0.675" classname="unbxdTests.testNg.ui.pim.Member_Tests"/>
  <testcase name="verifyMemberCreationForEmptyEmail" time="0.805" classname="unbxdTests.testNg.ui.pim.Member_Tests"/>
  <testcase name="verifyMemberEditPage" time="1.727" classname="unbxdTests.testNg.ui.pim.Member_Tests"/>
  <testcase name="verifyMemberNameInMemberListingPage" time="0.743" classname="unbxdTests.testNg.ui.pim.Member_Tests"/>
  <testcase name="verifyAgainMemberNameInMemberListingPage" time="3.275" classname="unbxdTests.testNg.ui.pim.Member_Tests"/>
  <testcase name="verifyRoleAssigned" time="0.299" classname="unbxdTests.testNg.ui.pim.Member_Tests"/>
  <testcase name="verifyEmailIsDisabled" time="0.041" classname="unbxdTests.testNg.ui.pim.Member_Tests"/>
  <testcase name="verifyMemberDeletion" time="1.291" classname="unbxdTests.testNg.ui.pim.Member_Tests"/>
  <testcase name="verifyMemberCreation" time="3.125" classname="unbxdTests.testNg.ui.pim.Member_Tests"/>
  <testcase name="verifyMemberName" time="0.002" classname="unbxdTests.testNg.ui.pim.Member_Tests"/>
  <testcase name="verifyOrganisationPage" time="0.328" classname="unbxdTests.testNg.ui.pim.Member_Tests"/>
  <testcase name="updateProduct" classname="unbxdTests.testNg.ui.pim.Product_Tests">
    <skipped/>
  </testcase> <!-- updateProduct -->
  <testcase name="verifyMemberNameUpdate" classname="unbxdTests.testNg.ui.pim.Member_Tests">
    <skipped/>
  </testcase> <!-- verifyMemberNameUpdate -->
  <testcase name="verifyThePropertyPermissions" classname="unbxdTests.testNg.ui.pim.Roles_Tests">
    <skipped/>
  </testcase> <!-- verifyThePropertyPermissions -->
</testsuite> <!-- unbxdTests.testNg.ui.pim.Member_Tests -->
